Gtk-Message: 12:14:28.325: Failed to load module "appmenu-gtk-module"
Not disabling GPU
Main~createDefaultWorkingDir - Error while creating default working dir Error: default working directory already exists
    at fs.stat (/home/williamsgomes/programs/Postman/app/resources/app/services/workingDirManager.js:22:23)
    at FSReqWrap.oncomplete (fs.js:183:5)
1593270878420 main info "Booting Postman 7.23.0, linux-5.4.0-7634-generic on x64"
1593270878421 main info "EventBus~initialize - Success"
1593270878449 main warn "CloudProxyManager~init: Error while reading proxy configuration from user data - ",{"errno":-2,"code":"ENOENT","syscall":"open","path":"/home/williamsgomes/.config/Postman/Postman_Config/proxy","name":"Error","message":"ENOENT: no such file or directory, open '/home/williamsgomes/.config/Postman/Postman_Config/proxy'","stack":"Error: ENOENT: no such file or directory, open '/home/williamsgomes/.config/Postman/Postman_Config/proxy'"}
1593270878460 main info "CloudProxyManager~init - Success"
1593270878473 main info "UpdateHandler~init - Success"
1593270878473 main info "RuntimeExecutionService~initialized: Success"
1593270879731 main info "LinuxAutoUpdater~Cleanup - Initial cleanup successful"
1593270881370 main info "Bootstrap-models~bootstrap - Success"
1593270882709 main info "window-manager~newSharedWindow: Shell loaded"
1593270886607 main info "Main~AppEvents - Received booted event for process shared"
1593270889651 main info "UpdateHandler~app-update-events - Received event",{"name":"checkForElectronVersionUpdated","namespace":"appUpdate"}
INTERCEPTOR CONNECTIVITY: Connecting to Interceptor Bridge
InterceptorBridge: Trying to connect Native App IPC~Interceptor Bridge
1593270889672 main info "Main~AppEvents - Received booted event for process requester"
IPCClient ~ WindowHandler: New event is received { type: 'window-opened' }
1593270901265 main info "UpdateHandler~app-update-events - Received event",{"data":{"additionalParamsString":"installationId=39b33fbf-3d25-4ba0-ab7a-847bb0c5dd14&userId=5351947&syncEnabled=true&teamPlan=","appId":"39b33fbf-3d25-4ba0-ab7a-847bb0c5dd14","arch":"64","channel":"stable","downloadURL":"https://dl.pstmn.io/download/version/7.27.1/linux_64","downloadVersion":"7.27.1","platform":"LINUX","updateServerDomain":"https://dl.pstmn.io/","userAgent":"Mozilla/5.0 (X11; Linux x86_64) AppleWebKit/537.36 (KHTML, like Gecko) Postman/7.23.0 Chrome/66.0.3359.181 Electron/3.1.8-postman.5 Safari/537.36","userId":"5351947","version":"7.23.0"},"name":"updateElectron","namespace":"appUpdate"}
1593270901266 main info "LinuxUpdater~downloadUpdate - UpdateInfo received",{"additionalParamsString":"installationId=39b33fbf-3d25-4ba0-ab7a-847bb0c5dd14&userId=5351947&syncEnabled=true&teamPlan=","appId":"39b33fbf-3d25-4ba0-ab7a-847bb0c5dd14","arch":"64","channel":"stable","downloadURL":"https://dl.pstmn.io/download/version/7.27.1/linux_64","downloadVersion":"7.27.1","platform":"LINUX","updateServerDomain":"https://dl.pstmn.io/","userAgent":"Mozilla/5.0 (X11; Linux x86_64) AppleWebKit/537.36 (KHTML, like Gecko) Postman/7.23.0 Chrome/66.0.3359.181 Electron/3.1.8-postman.5 Safari/537.36","userId":"5351947","version":"7.23.0"}
1593270945035 main info "@postman/app-updater: Update updateDownloaded","","Postman","","https://dl.pstmn.io/download/version/7.27.1/linux_64","7.27.1"
1593270945036 main info "UpdateHandler~app-update-events - Received event",{"name":"electronAppUpdateDownloaded","namespace":"appUpdate","data":{"name":"Postman","notes":"","date":"","URL":"https://dl.pstmn.io/download/version/7.27.1/linux_64","downloadVersion":"7.27.1"}}
1593271028776 main info "@postman/app-updater: restarting app to update"
1593271028777 main info "LinuxAutoUpdater~quitAndInstall - Initiated"
1593271028779 main info "LinuxAutoUpdater~quitAndInstall - Quitting for update"
Killed
Gtk-Message: 12:17:38.576: Failed to load module "appmenu-gtk-module"
(electron) 'getName function' is deprecated and will be removed. Please use 'name property' instead.
Not disabling GPU
Main~createDefaultWorkingDir - Default working dir creation already attempted
1593271059775 main info "Booting Postman 7.27.1, linux-5.4.0-7634-generic on x64"
1593271059776 main info "EventBus~initialize - Success"
1593271059778 main warn "CloudProxyManager~init: Error while reading proxy configuration from user data - ",{"errno":-2,"code":"ENOENT","syscall":"open","path":"/home/williamsgomes/.config/Postman/Postman_Config/proxy","name":"Error","message":"ENOENT: no such file or directory, open '/home/williamsgomes/.config/Postman/Postman_Config/proxy'","stack":"Error: ENOENT: no such file or directory, open '/home/williamsgomes/.config/Postman/Postman_Config/proxy'"}
1593271059778 main info "CloudProxyManager~init - Success"
1593271059784 main info "UpdateHandler~init - Success"
1593271059784 main info "RuntimeExecutionService~initialized: Success"
[301144:0627/121739.933668:ERROR:buffer_manager.cc(488)] [.DisplayCompositor]GL ERROR :GL_INVALID_OPERATION : glBufferData: <- error from previous GL command
[301144:0627/121739.953500:ERROR:buffer_manager.cc(488)] [.DisplayCompositor]GL ERROR :GL_INVALID_OPERATION : glBufferData: <- error from previous GL command
1593271060205 main info "window-manager~newSharedWindow: Shell loaded"
1593271061614 main info "LinuxAutoUpdater~Cleanup - Initial cleanup successful"
1593271062186 main info "Bootstrap-models~bootstrap - Success"
1593271064480 main info "Main~AppEvents - Received booted event for process shared"
[301144:0627/121744.547053:ERROR:buffer_manager.cc(488)] [.DisplayCompositor]GL ERROR :GL_INVALID_OPERATION : glBufferData: <- error from previous GL command
1593271066530 main info "UpdateHandler~app-update-events - Received event",{"name":"checkForElectronVersionUpdated","namespace":"appUpdate"}
1593271066538 main info "@postman/app-updater: version Updated","7.23.0","7.27.1"
1593271066539 main info "UpdateHandler~app-update-events - Received event",{"name":"electronVersionUpdated","namespace":"appUpdate","data":{"lastKnownVersion":"7.23.0","currentVersion":"7.27.1"}}
INTERCEPTOR CONNECTIVITY: Connecting to Interceptor Bridge
InterceptorBridge: Trying to connect Native App IPC~Interceptor Bridge
1593271066557 main info "Main~AppEvents - Received booted event for process requester"
IPCClient ~ WindowHandler: New event is received { type: 'window-opened' }
[301144:0627/134126.197790:ERROR:buffer_manager.cc(488)] [.DisplayCompositor]GL ERROR :GL_INVALID_OPERATION : glBufferData: <- error from previous GL command
[301144:0627/134137.878737:ERROR:buffer_manager.cc(488)] [.DisplayCompositor]GL ERROR :GL_INVALID_OPERATION : glBufferData: <- error from previous GL command
[301144:0627/134416.070491:ERROR:buffer_manager.cc(488)] [.DisplayCompositor]GL ERROR :GL_INVALID_OPERATION : glBufferData: <- error from previous GL command
[301144:0627/134508.622610:ERROR:buffer_manager.cc(488)] [.DisplayCompositor]GL ERROR :GL_INVALID_OPERATION : glBufferData: <- error from previous GL command
[301144:0627/134623.130498:ERROR:buffer_manager.cc(488)] [.DisplayCompositor]GL ERROR :GL_INVALID_OPERATION : glBufferData: <- error from previous GL command
[301144:0627/134623.652063:ERROR:buffer_manager.cc(488)] [.DisplayCompositor]GL ERROR :GL_INVALID_OPERATION : glBufferData: <- error from previous GL command
[301144:0627/134633.920498:ERROR:buffer_manager.cc(488)] [.DisplayCompositor]GL ERROR :GL_INVALID_OPERATION : glBufferData: <- error from previous GL command
[301144:0627/134646.488611:ERROR:buffer_manager.cc(488)] [.DisplayCompositor]GL ERROR :GL_INVALID_OPERATION : glBufferData: <- error from previous GL command
[301144:0627/134650.122289:ERROR:buffer_manager.cc(488)] [.DisplayCompositor]GL ERROR :GL_INVALID_OPERATION : glBufferData: <- error from previous GL command
[301144:0627/134654.882408:ERROR:buffer_manager.cc(488)] [.DisplayCompositor]GL ERROR :GL_INVALID_OPERATION : glBufferData: <- error from previous GL command
[301144:0627/134700.446356:ERROR:buffer_manager.cc(488)] [.DisplayCompositor]GL ERROR :GL_INVALID_OPERATION : glBufferData: <- error from previous GL command
[301144:0627/134714.844799:ERROR:buffer_manager.cc(488)] [.DisplayCompositor]GL ERROR :GL_INVALID_OPERATION : glBufferData: <- error from previous GL command
[301144:0627/134739.927866:ERROR:buffer_manager.cc(488)] [.DisplayCompositor]GL ERROR :GL_INVALID_OPERATION : glBufferData: <- error from previous GL command
[301144:0627/134744.062475:ERROR:buffer_manager.cc(488)] [.DisplayCompositor]GL ERROR :GL_INVALID_OPERATION : glBufferData: <- error from previous GL command
[301144:0627/134754.274667:ERROR:buffer_manager.cc(488)] [.DisplayCompositor]GL ERROR :GL_INVALID_OPERATION : glBufferData: <- error from previous GL command
[301144:0627/134802.895821:ERROR:buffer_manager.cc(488)] [.DisplayCompositor]GL ERROR :GL_INVALID_OPERATION : glBufferData: <- error from previous GL command
[301144:0627/134818.713063:ERROR:buffer_manager.cc(488)] [.DisplayCompositor]GL ERROR :GL_INVALID_OPERATION : glBufferData: <- error from previous GL command
[301144:0627/134823.554519:ERROR:buffer_manager.cc(488)] [.DisplayCompositor]GL ERROR :GL_INVALID_OPERATION : glBufferData: <- error from previous GL command
